Jan-30 14:03:19.701 [main] DEBUG nextflow.cli.Launcher - $> nextflow run main.nf -resume
Jan-30 14:03:19.813 [main] DEBUG nextflow.cli.CmdRun - N E X T F L O W  ~  version 24.10.6
Jan-30 14:03:19.835 [main] DEBUG nextflow.plugin.PluginsFacade - Setting up plugin manager > mode=prod; embedded=false; plugins-dir=/home/karuna0722/.nextflow/plugins; core-plugins: nf-amazon@2.9.3,nf-azure@1.10.2,nf-cloudcache@0.4.2,nf-codecommit@0.2.2,nf-console@1.1.4,nf-google@1.15.4,nf-tower@1.9.3,nf-wave@1.7.5
Jan-30 14:03:19.852 [main] INFO  o.pf4j.DefaultPluginStatusProvider - Enabled plugins: []
Jan-30 14:03:19.852 [main] INFO  o.pf4j.DefaultPluginStatusProvider - Disabled plugins: []
Jan-30 14:03:19.855 [main] INFO  org.pf4j.DefaultPluginManager - PF4J version 3.12.0 in 'deployment' mode
Jan-30 14:03:19.868 [main] INFO  org.pf4j.AbstractPluginManager - No plugins
Jan-30 14:03:19.979 [main] DEBUG nextflow.cli.CmdRun - Applied DSL=2 by global default
Jan-30 14:03:19.997 [main] DEBUG nextflow.cli.CmdRun - Launching `main.nf` [disturbed_planck] DSL2 - revision: ef41e3ccba
Jan-30 14:03:19.999 [main] DEBUG nextflow.plugin.PluginsFacade - Plugins default=[]
Jan-30 14:03:20.000 [main] DEBUG nextflow.plugin.PluginsFacade - Plugins resolved requirement=[]
Jan-30 14:03:20.074 [main] DEBUG nextflow.Session - Session UUID: 7576d79d-fe47-4430-8adc-a06516a5297f
Jan-30 14:03:20.075 [main] DEBUG nextflow.Session - Run name: disturbed_planck
Jan-30 14:03:20.076 [main] DEBUG nextflow.Session - Executor pool size: 8
Jan-30 14:03:20.097 [main] DEBUG nextflow.file.FilePorter - File porter settings maxRetries=3; maxTransfers=50; pollTimeout=null
Jan-30 14:03:20.115 [main] DEBUG nextflow.util.ThreadPoolBuilder - Creating thread pool 'FileTransfer' minSize=10; maxSize=24; workQueue=LinkedBlockingQueue[-1]; allowCoreThreadTimeout=false
Jan-30 14:03:20.175 [main] DEBUG nextflow.cli.CmdRun - 
  Version: 24.10.6 build 5937
  Created: 23-04-2025 16:53 UTC 
  System: Linux 6.6.87.2-microsoft-standard-WSL2
  Runtime: Groovy 4.0.23 on OpenJDK 64-Bit Server VM 11.0.29-internal+0-adhoc..src
  Encoding: UTF-8 (UTF-8)
  Process: 2917@Lenovo [127.0.1.1]
  CPUs: 8 - Mem: 3.7 GB (2.6 GB) - Swap: 1 GB (1 GB)
Jan-30 14:03:20.250 [main] DEBUG nextflow.Session - Work-dir: /home/karuna0722/Nextflow/work [ext2/ext3]
Jan-30 14:03:20.252 [main] DEBUG nextflow.Session - Script base path does not exist or is not a directory: /home/karuna0722/Nextflow/bin
Jan-30 14:03:20.272 [main] DEBUG nextflow.executor.ExecutorFactory - Extension executors providers=[]
Jan-30 14:03:20.294 [main] DEBUG nextflow.Session - Observer factory: DefaultObserverFactory
Jan-30 14:03:20.352 [main] DEBUG nextflow.cache.CacheFactory - Using Nextflow cache factory: nextflow.cache.DefaultCacheFactory
Jan-30 14:03:20.372 [main] DEBUG nextflow.util.CustomThreadPool - Creating default thread pool > poolSize: 9; maxThreads: 1000
Jan-30 14:03:20.474 [main] DEBUG nextflow.Session - Session start
Jan-30 14:03:21.024 [main] DEBUG nextflow.script.ScriptRunner - > Launching execution
Jan-30 14:03:21.048 [main] DEBUG n.secret.LocalSecretsProvider - Secrets store: /home/karuna0722/.nextflow/secrets/store.json
Jan-30 14:03:21.062 [main] DEBUG nextflow.secret.SecretsLoader - Discovered secrets providers: [nextflow.secret.LocalSecretsProvider@cfd1075] - activable => nextflow.secret.LocalSecretsProvider@cfd1075
Jan-30 14:03:21.755 [main] DEBUG nextflow.executor.ExecutorFactory - << taskConfig executor: null
Jan-30 14:03:21.756 [main] DEBUG nextflow.executor.ExecutorFactory - >> processorType: 'local'
Jan-30 14:03:21.765 [main] DEBUG nextflow.executor.Executor - [warm up] executor > local
Jan-30 14:03:21.776 [main] DEBUG n.processor.LocalPollingMonitor - Creating local task monitor for executor 'local' > cpus=8; memory=3.7 GB; capacity=8; pollInterval=100ms; dumpInterval=5m
Jan-30 14:03:21.782 [main] DEBUG n.processor.TaskPollingMonitor - >>> barrier register (monitor: local)
Jan-30 14:03:21.927 [main] DEBUG nextflow.executor.ExecutorFactory - << taskConfig executor: null
Jan-30 14:03:21.927 [main] DEBUG nextflow.executor.ExecutorFactory - >> processorType: 'local'
Jan-30 14:03:21.936 [main] DEBUG nextflow.executor.ExecutorFactory - << taskConfig executor: null
Jan-30 14:03:21.937 [main] DEBUG nextflow.executor.ExecutorFactory - >> processorType: 'local'
Jan-30 14:03:21.951 [main] DEBUG nextflow.executor.ExecutorFactory - << taskConfig executor: null
Jan-30 14:03:21.951 [main] DEBUG nextflow.executor.ExecutorFactory - >> processorType: 'local'
Jan-30 14:03:21.964 [main] DEBUG nextflow.executor.ExecutorFactory - << taskConfig executor: null
Jan-30 14:03:21.964 [main] DEBUG nextflow.executor.ExecutorFactory - >> processorType: 'local'
Jan-30 14:03:21.969 [main] DEBUG nextflow.Session - Workflow process names [dsl2]: FASTQC, FASTQC_RAW, QC_PIPELINE:FASTQC_TRIMMED, VARIANT_CALLING, QC_PIPELINE:CUTADAPT, QC_PIPELINE:VARIANT_CALLING, ALIGNMENT, QC_PIPELINE:ALIGNMENT, CUTADAPT, FASTQC_TRIMMED, QC_PIPELINE:FASTQC_RAW
Jan-30 14:03:21.969 [main] DEBUG nextflow.Session - Igniting dataflow network (7)
Jan-30 14:03:21.983 [main] DEBUG nextflow.processor.TaskProcessor - Starting process > QC_PIPELINE:CUTADAPT
Jan-30 14:03:21.987 [main] DEBUG nextflow.processor.TaskProcessor - Starting process > QC_PIPELINE:FASTQC_RAW
Jan-30 14:03:21.992 [main] DEBUG nextflow.processor.TaskProcessor - Starting process > QC_PIPELINE:FASTQC_TRIMMED
Jan-30 14:03:22.017 [main] DEBUG nextflow.processor.TaskProcessor - Starting process > QC_PIPELINE:ALIGNMENT
Jan-30 14:03:22.020 [main] DEBUG nextflow.processor.TaskProcessor - Starting process > QC_PIPELINE:VARIANT_CALLING
Jan-30 14:03:22.023 [main] DEBUG nextflow.script.ScriptRunner - Parsed script files:
  Script_2a9f6a1632493829: /home/karuna0722/Nextflow/./Workflow/../Module/Alignment.nf
  Script_1e8210e0c7feaa38: /home/karuna0722/Nextflow/./Workflow/../Module/cutadapt.nf
  Script_3ff986d4be999e53: /home/karuna0722/Nextflow/./Workflow/../Module/VCF.nf
  Script_815e0d06fd1aad89: /home/karuna0722/Nextflow/./Workflow/../Module/fastqc.nf
  Script_0114c48f194afbaa: /home/karuna0722/Nextflow/main.nf
  Script_2473fe53c2e58d81: /home/karuna0722/Nextflow/./Workflow/Workflow.nf
Jan-30 14:03:22.024 [main] DEBUG nextflow.script.ScriptRunner - > Awaiting termination 
Jan-30 14:03:22.024 [main] DEBUG nextflow.Session - Session await
Jan-30 14:03:22.493 [Actor Thread 8] INFO  nextflow.processor.TaskProcessor - [3a/81cd5e] Cached process > QC_PIPELINE:CUTADAPT (1)
Jan-30 14:03:22.500 [Actor Thread 9] INFO  nextflow.processor.TaskProcessor - [77/37e787] Cached process > QC_PIPELINE:FASTQC_RAW (1)
Jan-30 14:03:22.548 [Actor Thread 6] INFO  nextflow.processor.TaskProcessor - [40/360905] Cached process > QC_PIPELINE:FASTQC_TRIMMED (1)
Jan-30 14:03:22.562 [Actor Thread 3] INFO  nextflow.processor.TaskProcessor - [dc/02ba81] Cached process > QC_PIPELINE:ALIGNMENT (ALIGN_trimmed)
Jan-30 14:03:22.678 [Task submitter] DEBUG n.executor.local.LocalTaskHandler - Launch cmd line: /bin/bash -ue .command.run
Jan-30 14:03:22.682 [Task submitter] INFO  nextflow.Session - [9b/7236af] Submitted process > QC_PIPELINE:VARIANT_CALLING (VCF_aligned.sorted)
Jan-30 14:03:23.147 [Task monitor] DEBUG n.processor.TaskPollingMonitor - Task completed > TaskHandler[id: 5; name: QC_PIPELINE:VARIANT_CALLING (VCF_aligned.sorted); status: COMPLETED; exit: 0; error: -; workDir: /home/karuna0722/Nextflow/work/9b/7236afb8582d9b3c2b2639d334f426]
Jan-30 14:03:23.148 [Task monitor] DEBUG nextflow.util.ThreadPoolBuilder - Creating thread pool 'TaskFinalizer' minSize=10; maxSize=24; workQueue=LinkedBlockingQueue[-1]; allowCoreThreadTimeout=false
Jan-30 14:03:23.157 [main] DEBUG nextflow.Session - Session await > all processes finished
Jan-30 14:03:23.245 [Task monitor] DEBUG n.processor.TaskPollingMonitor - <<< barrier arrives (monitor: local) - terminating tasks monitor poll loop
Jan-30 14:03:23.245 [main] DEBUG nextflow.Session - Session await > all barriers passed
Jan-30 14:03:23.248 [main] DEBUG nextflow.util.ThreadPoolManager - Thread pool 'TaskFinalizer' shutdown completed (hard=false)
Jan-30 14:03:23.258 [main] DEBUG n.trace.WorkflowStatsObserver - Workflow completed > WorkflowStats[succeededCount=1; failedCount=0; ignoredCount=0; cachedCount=4; pendingCount=0; submittedCount=0; runningCount=0; retriesCount=0; abortedCount=0; succeedDuration=420ms; failedDuration=0ms; cachedDuration=52.6s;loadCpus=0; loadMemory=0; peakRunning=1; peakCpus=1; peakMemory=0; ]
Jan-30 14:03:23.389 [main] DEBUG nextflow.cache.CacheDB - Closing CacheDB done
Jan-30 14:03:23.404 [main] DEBUG nextflow.util.ThreadPoolManager - Thread pool 'FileTransfer' shutdown completed (hard=false)
Jan-30 14:03:23.406 [main] DEBUG nextflow.script.ScriptRunner - > Execution complete -- Goodbye
