[bwa_index] Pack FASTA... 0.39 sec
[bwa_index] Construct BWT for the packed sequence...
[BWTIncCreate] textLength=101636936, availableWord=19151484
[BWTIncConstructFromPacked] 10 iterations done. 31590664 characters processed.
[BWTIncConstructFromPacked] 20 iterations done. 58359704 characters processed.
[BWTIncConstructFromPacked] 30 iterations done. 82148056 characters processed.
[BWTIncConstructFromPacked] 40 iterations done. 101636936 characters processed.
[bwt_gen] Finished constructing BWT in 40 iterations.
[bwa_index] 31.09 seconds elapse.
[bwa_index] Update BWT... 0.19 sec
[bwa_index] Pack forward-only FASTA... 0.17 sec
[bwa_index] Construct SA from BWT and Occ... 11.39 sec
[main] Version: 0.7.19-r1273
[main] CMD: bwa index chr22.fa
[main] Real time: 43.324 sec; CPU: 43.230 sec
[M::bwa_idx_load_from_disk] read 0 ALT contigs
[M::process] read 17501 sequences (3655729 bp)...
[M::mem_process_seqs] Processed 17501 reads in 1.512 CPU sec, 1.503 real sec
[main] Version: 0.7.19-r1273
[main] CMD: bwa mem chr22.fa trimmed.fastq
[main] Real time: 1.607 sec; CPU: 1.604 sec
