This is cutadapt 5.2 with Python 3.10.19
Command line parameters: -a AGATCGGAAGAGC -o trimmed.fastq Sample.fastq
Processing single-end reads on 1 core ...

=== Summary ===

Total reads processed:                  17,501
Reads with adapters:                       330 (1.9%)
Reads written (passing filters):        17,501 (100.0%)

Total basepairs processed:     3,657,976 bp
Total written (filtered):      3,655,729 bp (99.9%)

=== Adapter 1 ===

Sequence: AGATCGGAAGAGC; Type: regular 3'; Length: 13; Trimmed: 330 times

Minimum overlap: 3
No. of allowed errors:
1-9 bp: 0; 10-13 bp: 1

Bases preceding removed adapters:
  A: 30.3%
  C: 16.4%
  G: 42.4%
  T: 10.9%
  none/other: 0.0%

Overview of removed sequences
length	count	expect	max.err	error counts
3	85	273.5	0	85
4	126	68.4	0	126
5	93	17.1	0	93
6	3	4.3	0	3
9	4	0.1	0	0 4
10	9	0.0	1	0 9
11	3	0.0	1	0 3
12	1	0.0	1	0 1
30	1	0.0	1	0 1
80	1	0.0	1	0 1
175	1	0.0	1	0 1
180	1	0.0	1	0 1
181	1	0.0	1	0 1
188	1	0.0	1	0 1
